This file contains any messages produced by compilers while
running configure, to aid debugging if configure makes a mistake.

It was created by libusb-1.0 configure 1.0.25, which was
generated by GNU Autoconf 2.71.  Invocation command line was

  $ /Volumes/projects/libusb-package/src/libusb/configure

## --------- ##
## Platform. ##
## --------- ##

hostname = seroquel.lan
uname -m = x86_64
uname -r = 20.6.0
uname -s = Darwin
uname -v = Darwin Kernel Version 20.6.0: Wed Nov 10 22:23:07 PST 2021; root:xnu-7195.141.14~1/RELEASE_X86_64

/usr/bin/uname -p = i386
/bin/uname -X     = unknown

/bin/arch              = unknown
/usr/bin/arch -k       = unknown
/usr/convex/getsysinfo = unknown
/usr/bin/hostinfo      = Mach kernel version:
	 Darwin Kernel Version 20.6.0: Wed Nov 10 22:23:07 PST 2021; root:xnu-7195.141.14~1/RELEASE_X86_64
Kernel configured for up to 12 processors.
6 processors are physically available.
12 processors are logically available.
Processor type: x86_64h (Intel x86-64h Haswell)
Processors active: 0 1 2 3 4 5 6 7 8 9 10 11
Primary memory available: 32.00 gigabytes
Default processor set: 936 tasks, 4386 threads, 12 processors
Load average: 5.37, Mach factor: 6.81
/bin/machine           = unknown
/usr/bin/oslevel       = unknown
/bin/universe          = unknown

PATH: /private/var/folders/9m/z2f2dps15gzdk344qlwrv2nm0000gn/T/pip-build-env-j9r6gl44/overlay/bin/
PATH: /private/var/folders/9m/z2f2dps15gzdk344qlwrv2nm0000gn/T/pip-build-env-j9r6gl44/normal/bin/
PATH: /Volumes/projects/pyOCD-flit/venv/m3102/bin/
PATH: /Users/creed/.pyenv/shims/
PATH: /opt/doctool/bin/
PATH: /Users/creed/.gem/ruby/2.7.0/bin/
PATH: /usr/local/lib/ruby/gems/2.7.0/bin/
PATH: /usr/local/opt/ruby@2.7/bin/
PATH: /Users/creed/.cargo/bin/
PATH: /opt/gcc-arm-none-eabi-10.3-2021.07/bin/
PATH: /Users/creed/.local/bin/
PATH: /usr/local/bin/
PATH: /usr/local/sbin/
PATH: /usr/local/bin/
PATH: /usr/bin/
PATH: /bin/
PATH: /usr/sbin/
PATH: /sbin/
PATH: /Applications/VMware Fusion.app/Contents/Public/
PATH: /usr/local/MacGPG2/bin/
PATH: /opt/X11/bin/
PATH: /Applications/Developer/Doxygen.app/Contents/Resources/
PATH: /Library/Apple/usr/bin/
PATH: /Library/Frameworks/Mono.framework/Versions/Current/Commands/


## ----------- ##
## Core tests. ##
## ----------- ##

configure:2873: looking for aux files: config.guess config.sub ltmain.sh missing install-sh compile
configure:2886:  trying ./
configure:2915:   ./config.guess found
configure:2915:   ./config.sub found
configure:2915:   ./ltmain.sh found
configure:2915:   ./missing found
configure:2897:   ./install-sh found
configure:2915:   ./compile found
configure:3092: checking for gcc
configure:3113: found /usr/bin/gcc
configure:3124: result: gcc
configure:3477: checking for C compiler version
configure:3486: gcc --version >&5
Apple clang version 13.0.0 (clang-1300.0.29.30)
Target: x86_64-apple-darwin20.6.0
Thread model: posix
InstalledDir: /Applications/Xcode.app/Contents/Developer/Toolchains/XcodeDefault.xctoolchain/usr/bin
Configured with: --prefix=/Applications/Xcode.app/Contents/Developer/usr --with-gxx-include-dir=/Applications/Xcode.app/Contents/Developer/Platforms/MacOSX.platform/Developer/SDKs/MacOSX.sdk/usr/include/c++/4.2.1
configure:3497: $? = 0
configure:3486: gcc -v >&5
Configured with: --prefix=/Applications/Xcode.app/Contents/Developer/usr --with-gxx-include-dir=/Applications/Xcode.app/Contents/Developer/Platforms/MacOSX.platform/Developer/SDKs/MacOSX.sdk/usr/include/c++/4.2.1
Apple clang version 13.0.0 (clang-1300.0.29.30)
Target: x86_64-apple-darwin20.6.0
Thread model: posix
InstalledDir: /Applications/Xcode.app/Contents/Developer/Toolchains/XcodeDefault.xctoolchain/usr/bin
configure:3497: $? = 0
configure:3486: gcc -V >&5
clang: error: argument to '-V' is missing (expected 1 value)
clang: error: no input files
configure:3497: $? = 1
configure:3486: gcc -qversion >&5
clang: error: unknown argument '-qversion'; did you mean '--version'?
clang: error: no input files
configure:3497: $? = 1
configure:3486: gcc -version >&5
clang: error: unknown argument '-version'; did you mean '--version'?
clang: error: no input files
configure:3497: $? = 1
configure:3517: checking whether the C compiler works
configure:3539: gcc -O2 -Winline -Wmissing-include-dirs -Wnested-externs -Wpointer-arith -Wredundant-decls -Wswitch-enum   conftest.c  >&5
configure:3543: $? = 0
configure:3593: result: yes
configure:3596: checking for C compiler default output file name
configure:3598: result: a.out
configure:3604: checking for suffix of executables
configure:3611: gcc -o conftest -O2 -Winline -Wmissing-include-dirs -Wnested-externs -Wpointer-arith -Wredundant-decls -Wswitch-enum   conftest.c  >&5
configure:3615: $? = 0
configure:3638: result: 
configure:3660: checking whether we are cross compiling
configure:3668: gcc -o conftest -O2 -Winline -Wmissing-include-dirs -Wnested-externs -Wpointer-arith -Wredundant-decls -Wswitch-enum   conftest.c  >&5
configure:3672: $? = 0
configure:3679: ./conftest
configure:3683: $? = 0
configure:3698: result: no
configure:3703: checking for suffix of object files
configure:3726: gcc -c -O2 -Winline -Wmissing-include-dirs -Wnested-externs -Wpointer-arith -Wredundant-decls -Wswitch-enum  conftest.c >&5
configure:3730: $? = 0
configure:3752: result: o
configure:3756: checking whether the compiler supports GNU C
configure:3776: gcc -c -O2 -Winline -Wmissing-include-dirs -Wnested-externs -Wpointer-arith -Wredundant-decls -Wswitch-enum  conftest.c >&5
configure:3776: $? = 0
configure:3786: result: yes
configure:3797: checking whether gcc accepts -g
configure:3818: gcc -c -g  conftest.c >&5
configure:3818: $? = 0
configure:3862: result: yes
configure:3882: checking for gcc option to enable C11 features
configure:3897: gcc  -c -O2 -Winline -Wmissing-include-dirs -Wnested-externs -Wpointer-arith -Wredundant-decls -Wswitch-enum  conftest.c >&5
configure:3897: $? = 0
configure:3915: result: none needed
configure:4036: checking whether gcc understands -c and -o together
configure:4059: gcc -c conftest.c -o conftest2.o
configure:4062: $? = 0
configure:4059: gcc -c conftest.c -o conftest2.o
configure:4062: $? = 0
configure:4074: result: yes
configure:4160: checking for g++
configure:4181: found /usr/bin/g++
configure:4192: result: g++
configure:4219: checking for C++ compiler version
configure:4228: g++ --version >&5
Apple clang version 13.0.0 (clang-1300.0.29.30)
Target: x86_64-apple-darwin20.6.0
Thread model: posix
InstalledDir: /Applications/Xcode.app/Contents/Developer/Toolchains/XcodeDefault.xctoolchain/usr/bin
Configured with: --prefix=/Applications/Xcode.app/Contents/Developer/usr --with-gxx-include-dir=/Applications/Xcode.app/Contents/Developer/Platforms/MacOSX.platform/Developer/SDKs/MacOSX.sdk/usr/include/c++/4.2.1
configure:4239: $? = 0
configure:4228: g++ -v >&5
Configured with: --prefix=/Applications/Xcode.app/Contents/Developer/usr --with-gxx-include-dir=/Applications/Xcode.app/Contents/Developer/Platforms/MacOSX.platform/Developer/SDKs/MacOSX.sdk/usr/include/c++/4.2.1
Apple clang version 13.0.0 (clang-1300.0.29.30)
Target: x86_64-apple-darwin20.6.0
Thread model: posix
InstalledDir: /Applications/Xcode.app/Contents/Developer/Toolchains/XcodeDefault.xctoolchain/usr/bin
configure:4239: $? = 0
configure:4228: g++ -V >&5
clang: error: argument to '-V' is missing (expected 1 value)
clang: error: no input files
configure:4239: $? = 1
configure:4228: g++ -qversion >&5
clang: error: unknown argument '-qversion'; did you mean '--version'?
clang: error: no input files
configure:4239: $? = 1
configure:4243: checking whether the compiler supports GNU C++
configure:4263: g++ -c   conftest.cpp >&5
configure:4263: $? = 0
configure:4273: result: yes
configure:4284: checking whether g++ accepts -g
configure:4305: g++ -c -g  conftest.cpp >&5
configure:4305: $? = 0
configure:4349: result: yes
configure:4369: checking for g++ option to enable C++11 features
configure:4384: g++  -c -g -O2  conftest.cpp >&5
conftest.cpp:55:3: error: "Compiler does not advertise C++11 conformance"
# error "Compiler does not advertise C++11 conformance"
  ^
conftest.cpp:60:3: error: unknown type name 'constexpr'
  constexpr int get_val() { return 20; }
  ^
conftest.cpp:72:17: error: delegating constructors are permitted only in C++11
    delegate(): delegate(2354) {}
                ^~~~~~~~
conftest.cpp:83:26: warning: 'override' keyword is a C++11 extension [-Wc++11-extensions]
    virtual int getval() override final { return this->n * 2; }
                         ^
conftest.cpp:83:35: warning: 'final' keyword is a C++11 extension [-Wc++11-extensions]
    virtual int getval() override final { return this->n * 2; }
                                  ^
conftest.cpp:90:16: warning: defaulted function definitions are a C++11 extension [-Wc++11-extensions]
    nocopy() = default;
               ^
conftest.cpp:91:29: warning: deleted function definitions are a C++11 extension [-Wc++11-extensions]
    nocopy(const nocopy&) = delete;
                            ^
conftest.cpp:92:41: warning: deleted function definitions are a C++11 extension [-Wc++11-extensions]
    nocopy & operator=(const nocopy&) = delete;
                                        ^
conftest.cpp:104:25: warning: 'auto' type specifier is a C++11 extension [-Wc++11-extensions]
  template <typename V> auto sum(V first) -> V
                        ^
conftest.cpp:104:25: error: 'auto' not allowed in function return type
  template <typename V> auto sum(V first) -> V
                        ^~~~
conftest.cpp:104:42: error: expected ';' at end of declaration
  template <typename V> auto sum(V first) -> V
                                         ^
                                         ;
conftest.cpp:104:43: error: cannot use arrow operator on a type
  template <typename V> auto sum(V first) -> V
                                          ^
conftest.cpp:108:33: warning: variadic templates are a C++11 extension [-Wc++11-extensions]
  template <typename V, typename... Args> auto sum(V first, Args... rest) -> V
                                ^
conftest.cpp:108:43: warning: 'auto' type specifier is a C++11 extension [-Wc++11-extensions]
  template <typename V, typename... Args> auto sum(V first, Args... rest) -> V
                                          ^
conftest.cpp:108:43: error: 'auto' not allowed in function return type
  template <typename V, typename... Args> auto sum(V first, Args... rest) -> V
                                          ^~~~
conftest.cpp:108:74: error: expected ';' at end of declaration
  template <typename V, typename... Args> auto sum(V first, Args... rest) -> V
                                                                         ^
                                                                         ;
conftest.cpp:108:75: error: cannot use arrow operator on a type
  template <typename V, typename... Args> auto sum(V first, Args... rest) -> V
                                                                          ^
conftest.cpp:132:3: warning: 'auto' type specifier is a C++11 extension [-Wc++11-extensions]
  auto a1 = 6538;
  ^
conftest.cpp:133:3: warning: 'auto' type specifier is a C++11 extension [-Wc++11-extensions]
  auto a2 = 48573953.4;
  ^
conftest.cpp:134:3: warning: 'auto' type specifier is a C++11 extension [-Wc++11-extensions]
  auto a3 = "String literal";
  ^
conftest.cpp:137:8: warning: 'auto' type specifier is a C++11 extension [-Wc++11-extensions]
  for (auto i = a3; *i; ++i) { total += *i; }
       ^
conftest.cpp:153:8: warning: 'auto' type specifier is a C++11 extension [-Wc++11-extensions]
  for (auto &x : array) { x += 23; }
       ^
conftest.cpp:153:16: warning: range-based for loop is a C++11 extension [-Wc++11-extensions]
  for (auto &x : array) { x += 23; }
               ^
conftest.cpp:158:17: error: expected expression
  assert (eval ([](int x) { return x*2; }, 21) == 42);
                ^
conftest.cpp:160:17: error: expected expression
  assert (eval ([&](double x) { return d += x; }, 3.0) == 5.0);
                ^
conftest.cpp:162:17: error: expected expression
  assert (eval ([=](double x) mutable { return d += x; }, 4.0) == 9.0);
                ^
conftest.cpp:168:3: warning: 'auto' type specifier is a C++11 extension [-Wc++11-extensions]
  auto a = sum(1);
  ^
conftest.cpp:168:12: error: no matching function for call to 'sum'
  auto a = sum(1);
           ^~~
conftest.cpp:169:3: warning: 'auto' type specifier is a C++11 extension [-Wc++11-extensions]
  auto b = sum(1, 2);
  ^
conftest.cpp:169:12: error: no matching function for call to 'sum'
  auto b = sum(1, 2);
           ^~~
conftest.cpp:170:3: warning: 'auto' type specifier is a C++11 extension [-Wc++11-extensions]
  auto c = sum(1.0, 2.0, 3.0);
  ^
conftest.cpp:170:12: error: no matching function for call to 'sum'
  auto c = sum(1.0, 2.0, 3.0);
           ^~~
conftest.cpp:175:25: warning: empty parentheses interpreted as a function declaration [-Wvexing-parse]
  cxx11test::delegate d2();
                        ^~
conftest.cpp:175:25: note: remove parentheses to declare a variable
  cxx11test::delegate d2();
                        ^~
conftest.cpp:188:16: error: found '<::' after a template name which forms the digraph '<:' (aka '[') and a ':', did you mean '< ::'?
  test_template<::test_template<int>> v(test_template<int>(12));
               ^~~
               < ::
conftest.cpp:188:36: error: a space is required between consecutive right angle brackets (use '> >')
  test_template<::test_template<int>> v(test_template<int>(12));
                                   ^~
                                   > >
conftest.cpp:192:22: error: use of undeclared identifier 'u8'
  char const *utf8 = u8"UTF-8 string \u2500";
                     ^
conftest.cpp:192:24: error: expected ';' at end of declaration
  char const *utf8 = u8"UTF-8 string \u2500";
                       ^
                       ;
fatal error: too many errors emitted, stopping now [-ferror-limit=]
18 warnings and 20 errors generated.
configure:4384: $? = 1
configure: failed program was:
| /* confdefs.h */
| #define PACKAGE_NAME "libusb-1.0"
| #define PACKAGE_TARNAME "libusb-1.0"
| #define PACKAGE_VERSION "1.0.25"
| #define PACKAGE_STRING "libusb-1.0 1.0.25"
| #define PACKAGE_BUGREPORT "libusb-devel@lists.sourceforge.net"
| #define PACKAGE_URL "http://libusb.info"
| /* end confdefs.h.  */
| 
| // Does the compiler advertise C++98 conformance?
| #if !defined __cplusplus || __cplusplus < 199711L
| # error "Compiler does not advertise C++98 conformance"
| #endif
| 
| // These inclusions are to reject old compilers that
| // lack the unsuffixed header files.
| #include <cstdlib>
| #include <exception>
| 
| // <cassert> and <cstring> are *not* freestanding headers in C++98.
| extern void assert (int);
| namespace std {
|   extern int strcmp (const char *, const char *);
| }
| 
| // Namespaces, exceptions, and templates were all added after "C++ 2.0".
| using std::exception;
| using std::strcmp;
| 
| namespace {
| 
| void test_exception_syntax()
| {
|   try {
|     throw "test";
|   } catch (const char *s) {
|     // Extra parentheses suppress a warning when building autoconf itself,
|     // due to lint rules shared with more typical C programs.
|     assert (!(strcmp) (s, "test"));
|   }
| }
| 
| template <typename T> struct test_template
| {
|   T const val;
|   explicit test_template(T t) : val(t) {}
|   template <typename U> T add(U u) { return static_cast<T>(u) + val; }
| };
| 
| } // anonymous namespace
| 
| 
| // Does the compiler advertise C++ 2011 conformance?
| #if !defined __cplusplus || __cplusplus < 201103L
| # error "Compiler does not advertise C++11 conformance"
| #endif
| 
| namespace cxx11test
| {
|   constexpr int get_val() { return 20; }
| 
|   struct testinit
|   {
|     int i;
|     double d;
|   };
| 
|   class delegate
|   {
|   public:
|     delegate(int n) : n(n) {}
|     delegate(): delegate(2354) {}
| 
|     virtual int getval() { return this->n; };
|   protected:
|     int n;
|   };
| 
|   class overridden : public delegate
|   {
|   public:
|     overridden(int n): delegate(n) {}
|     virtual int getval() override final { return this->n * 2; }
|   };
| 
|   class nocopy
|   {
|   public:
|     nocopy(int i): i(i) {}
|     nocopy() = default;
|     nocopy(const nocopy&) = delete;
|     nocopy & operator=(const nocopy&) = delete;
|   private:
|     int i;
|   };
| 
|   // for testing lambda expressions
|   template <typename Ret, typename Fn> Ret eval(Fn f, Ret v)
|   {
|     return f(v);
|   }
| 
|   // for testing variadic templates and trailing return types
|   template <typename V> auto sum(V first) -> V
|   {
|     return first;
|   }
|   template <typename V, typename... Args> auto sum(V first, Args... rest) -> V
|   {
|     return first + sum(rest...);
|   }
| }
| 
| 
| int
| main (int argc, char **argv)
| {
|   int ok = 0;
|   
|   assert (argc);
|   assert (! argv[0]);
| {
|   test_exception_syntax ();
|   test_template<double> tt (2.0);
|   assert (tt.add (4) == 6.0);
|   assert (true && !false);
| }
| 
|   
| {
|   // Test auto and decltype
|   auto a1 = 6538;
|   auto a2 = 48573953.4;
|   auto a3 = "String literal";
| 
|   int total = 0;
|   for (auto i = a3; *i; ++i) { total += *i; }
| 
|   decltype(a2) a4 = 34895.034;
| }
| {
|   // Test constexpr
|   short sa[cxx11test::get_val()] = { 0 };
| }
| {
|   // Test initializer lists
|   cxx11test::testinit il = { 4323, 435234.23544 };
| }
| {
|   // Test range-based for
|   int array[] = {9, 7, 13, 15, 4, 18, 12, 10, 5, 3,
|                  14, 19, 17, 8, 6, 20, 16, 2, 11, 1};
|   for (auto &x : array) { x += 23; }
| }
| {
|   // Test lambda expressions
|   using cxx11test::eval;
|   assert (eval ([](int x) { return x*2; }, 21) == 42);
|   double d = 2.0;
|   assert (eval ([&](double x) { return d += x; }, 3.0) == 5.0);
|   assert (d == 5.0);
|   assert (eval ([=](double x) mutable { return d += x; }, 4.0) == 9.0);
|   assert (d == 5.0);
| }
| {
|   // Test use of variadic templates
|   using cxx11test::sum;
|   auto a = sum(1);
|   auto b = sum(1, 2);
|   auto c = sum(1.0, 2.0, 3.0);
| }
| {
|   // Test constructor delegation
|   cxx11test::delegate d1;
|   cxx11test::delegate d2();
|   cxx11test::delegate d3(45);
| }
| {
|   // Test override and final
|   cxx11test::overridden o1(55464);
| }
| {
|   // Test nullptr
|   char *c = nullptr;
| }
| {
|   // Test template brackets
|   test_template<::test_template<int>> v(test_template<int>(12));
| }
| {
|   // Unicode literals
|   char const *utf8 = u8"UTF-8 string \u2500";
|   char16_t const *utf16 = u"UTF-8 string \u2500";
|   char32_t const *utf32 = U"UTF-32 string \u2500";
| }
| 
|   return ok;
| }
| 
configure:4402: result: none needed
configure:4467: checking for inline
configure:4484: gcc -c -O2 -Winline -Wmissing-include-dirs -Wnested-externs -Wpointer-arith -Wredundant-decls -Wswitch-enum  conftest.c >&5
configure:4484: $? = 0
configure:4493: result: inline
configure:4528: checking for a BSD-compatible install
configure:4601: result: /usr/local/bin/ginstall -c
configure:4612: checking whether build environment is sane
configure:4667: result: yes
configure:4822: checking for a race-free mkdir -p
configure:4866: result: /usr/local/bin/gmkdir -p
configure:4873: checking for gawk
configure:4908: result: no
configure:4873: checking for mawk
configure:4908: result: no
configure:4873: checking for nawk
configure:4908: result: no
configure:4873: checking for awk
configure:4894: found /usr/bin/awk
configure:4905: result: awk
configure:4916: checking whether make sets $(MAKE)
configure:4939: result: yes
configure:4961: checking whether make supports the include directive
configure:4976: make -f confmf.GNU && cat confinc.out
this is the am__doit target
configure:4979: $? = 0
configure:4998: result: yes (GNU style)
configure:5033: checking whether make supports nested variables
configure:5051: result: yes
configure:5132: checking dependency style of gcc
configure:5244: result: gcc3
configure:5261: checking dependency style of g++
configure:5373: result: gcc3
configure:5477: checking build system type
configure:5492: result: x86_64-apple-darwin20.6.0
configure:5512: checking host system type
configure:5526: result: x86_64-apple-darwin20.6.0
configure:5567: checking how to print strings
configure:5594: result: printf
configure:5615: checking for a sed that does not truncate output
configure:5685: result: /usr/local/bin/gsed
configure:5703: checking for grep that handles long lines and -e
configure:5767: result: /usr/bin/grep
configure:5772: checking for egrep
configure:5840: result: /usr/bin/grep -E
configure:5845: checking for fgrep
configure:5913: result: /usr/bin/grep -F
configure:5949: checking for ld used by gcc
configure:6017: result: /Applications/Xcode.app/Contents/Developer/Toolchains/XcodeDefault.xctoolchain/usr/bin/ld
configure:6024: checking if the linker (/Applications/Xcode.app/Contents/Developer/Toolchains/XcodeDefault.xctoolchain/usr/bin/ld) is GNU ld
configure:6040: result: no
configure:6052: checking for BSD- or MS-compatible name lister (nm)
configure:6107: result: /usr/bin/nm -B
configure:6247: checking the name lister (/usr/bin/nm -B) interface
configure:6255: gcc -c -O2 -Winline -Wmissing-include-dirs -Wnested-externs -Wpointer-arith -Wredundant-decls -Wswitch-enum  conftest.c >&5
configure:6258: /usr/bin/nm -B "conftest.o"
configure:6261: output
0000000000000000 S _some_variable
configure:6268: result: BSD nm
configure:6271: checking whether ln -s works
configure:6275: result: yes
configure:6283: checking the maximum length of command line arguments
configure:6415: result: 786432
configure:6463: checking how to convert x86_64-apple-darwin20.6.0 file names to x86_64-apple-darwin20.6.0 format
configure:6504: result: func_convert_file_noop
configure:6511: checking how to convert x86_64-apple-darwin20.6.0 file names to toolchain format
configure:6532: result: func_convert_file_noop
configure:6539: checking for /Applications/Xcode.app/Contents/Developer/Toolchains/XcodeDefault.xctoolchain/usr/bin/ld option to reload object files
configure:6547: result: -r
configure:6626: checking for objdump
configure:6647: found /usr/bin/objdump
configure:6658: result: objdump
configure:6690: checking how to recognize dependent libraries
configure:6891: result: pass_all
configure:6981: checking for dlltool
configure:7016: result: no
configure:7046: checking how to associate runtime and link libraries
configure:7074: result: printf %s\n
configure:7139: checking for ar
configure:7160: found /usr/bin/ar
configure:7171: result: ar
configure:7208: checking for archiver @FILE support
configure:7226: gcc -c -O2 -Winline -Wmissing-include-dirs -Wnested-externs -Wpointer-arith -Wredundant-decls -Wswitch-enum  conftest.c >&5
configure:7226: $? = 0
configure:7230: ar cru libconftest.a @conftest.lst >&5
ar: @conftest.lst: No such file or directory
configure:7233: $? = 1
configure:7253: result: no
configure:7316: checking for strip
configure:7337: found /usr/bin/strip
configure:7348: result: strip
configure:7425: checking for ranlib
configure:7446: found /usr/bin/ranlib
configure:7457: result: ranlib
configure:7559: checking command to parse /usr/bin/nm -B output from gcc object
configure:7713: gcc -c -O2 -Winline -Wmissing-include-dirs -Wnested-externs -Wpointer-arith -Wredundant-decls -Wswitch-enum  conftest.c >&5
configure:7716: $? = 0
configure:7720: /usr/bin/nm -B conftest.o \| sed -n -e 's/^.*[ ]\([BCDEGRST][BCDEGRST]*\)[ ][ ]*\([_A-Za-z][_A-Za-z0-9]*\)$/\1 \2 \2/p' | sed '/ __gnu_lto/d' \> conftest.nm
configure:7723: $? = 0
cannot find nm_test_var in conftest.nm
configure:7713: gcc -c -O2 -Winline -Wmissing-include-dirs -Wnested-externs -Wpointer-arith -Wredundant-decls -Wswitch-enum  conftest.c >&5
configure:7716: $? = 0
configure:7720: /usr/bin/nm -B conftest.o \| sed -n -e 's/^.*[ ]\([BCDEGRST][BCDEGRST]*\)[ ][ ]*_\([_A-Za-z][_A-Za-z0-9]*\)$/\1 _\2 \2/p' | sed '/ __gnu_lto/d' \> conftest.nm
configure:7723: $? = 0
configure:7789: gcc -o conftest -O2 -Winline -Wmissing-include-dirs -Wnested-externs -Wpointer-arith -Wredundant-decls -Wswitch-enum   conftest.c conftstm.o >&5
configure:7792: $? = 0
configure:7830: result: ok
configure:7877: checking for sysroot
configure:7908: result: no
configure:7915: checking for a working dd
configure:7959: result: /bin/dd
configure:7963: checking how to truncate binary pipes
configure:7979: result: /bin/dd bs=4096 count=1
configure:8316: checking for mt
configure:8351: result: no
configure:8371: checking if : is a manifest tool
configure:8378: : '-?'
configure:8386: result: no
configure:8447: checking for dsymutil
configure:8468: found /usr/bin/dsymutil
configure:8479: result: dsymutil
configure:8549: checking for nmedit
configure:8570: found /usr/bin/nmedit
configure:8581: result: nmedit
configure:8651: checking for lipo
configure:8672: found /usr/bin/lipo
configure:8683: result: lipo
configure:8753: checking for otool
configure:8774: found /usr/bin/otool
configure:8785: result: otool
configure:8855: checking for otool64
configure:8890: result: no
configure:8935: checking for -single_module linker flag
gcc -O2 -Winline -Wmissing-include-dirs -Wnested-externs -Wpointer-arith -Wredundant-decls -Wswitch-enum  -o libconftest.dylib -dynamiclib -Wl,-single_module conftest.c
configure:8969: result: yes
configure:8972: checking for -exported_symbols_list linker flag
configure:8993: gcc -o conftest -O2 -Winline -Wmissing-include-dirs -Wnested-externs -Wpointer-arith -Wredundant-decls -Wswitch-enum   -Wl,-exported_symbols_list,conftest.sym conftest.c  >&5
configure:8993: $? = 0
configure:9004: result: yes
configure:9007: checking for -force_load linker flag
gcc -O2 -Winline -Wmissing-include-dirs -Wnested-externs -Wpointer-arith -Wredundant-decls -Wswitch-enum -c -o conftest.o conftest.c
ar cru libconftest.a conftest.o
ranlib libconftest.a
gcc -O2 -Winline -Wmissing-include-dirs -Wnested-externs -Wpointer-arith -Wredundant-decls -Wswitch-enum  -o conftest conftest.c -Wl,-force_load,./libconftest.a
configure:9040: result: yes
configure:9111: checking for stdio.h
configure:9111: gcc -c -O2 -Winline -Wmissing-include-dirs -Wnested-externs -Wpointer-arith -Wredundant-decls -Wswitch-enum  conftest.c >&5
configure:9111: $? = 0
configure:9111: result: yes
configure:9111: checking for stdlib.h
configure:9111: gcc -c -O2 -Winline -Wmissing-include-dirs -Wnested-externs -Wpointer-arith -Wredundant-decls -Wswitch-enum  conftest.c >&5
configure:9111: $? = 0
configure:9111: result: yes
configure:9111: checking for string.h
configure:9111: gcc -c -O2 -Winline -Wmissing-include-dirs -Wnested-externs -Wpointer-arith -Wredundant-decls -Wswitch-enum  conftest.c >&5
configure:9111: $? = 0
configure:9111: result: yes
configure:9111: checking for inttypes.h
configure:9111: gcc -c -O2 -Winline -Wmissing-include-dirs -Wnested-externs -Wpointer-arith -Wredundant-decls -Wswitch-enum  conftest.c >&5
configure:9111: $? = 0
configure:9111: result: yes
configure:9111: checking for stdint.h
configure:9111: gcc -c -O2 -Winline -Wmissing-include-dirs -Wnested-externs -Wpointer-arith -Wredundant-decls -Wswitch-enum  conftest.c >&5
configure:9111: $? = 0
configure:9111: result: yes
configure:9111: checking for strings.h
configure:9111: gcc -c -O2 -Winline -Wmissing-include-dirs -Wnested-externs -Wpointer-arith -Wredundant-decls -Wswitch-enum  conftest.c >&5
configure:9111: $? = 0
configure:9111: result: yes
configure:9111: checking for sys/stat.h
configure:9111: gcc -c -O2 -Winline -Wmissing-include-dirs -Wnested-externs -Wpointer-arith -Wredundant-decls -Wswitch-enum  conftest.c >&5
configure:9111: $? = 0
configure:9111: result: yes
configure:9111: checking for sys/types.h
configure:9111: gcc -c -O2 -Winline -Wmissing-include-dirs -Wnested-externs -Wpointer-arith -Wredundant-decls -Wswitch-enum  conftest.c >&5
configure:9111: $? = 0
configure:9111: result: yes
configure:9111: checking for unistd.h
configure:9111: gcc -c -O2 -Winline -Wmissing-include-dirs -Wnested-externs -Wpointer-arith -Wredundant-decls -Wswitch-enum  conftest.c >&5
configure:9111: $? = 0
configure:9111: result: yes
configure:9136: checking for dlfcn.h
configure:9136: gcc -c -O2 -Winline -Wmissing-include-dirs -Wnested-externs -Wpointer-arith -Wredundant-decls -Wswitch-enum  conftest.c >&5
configure:9136: $? = 0
configure:9136: result: yes
configure:9406: checking for objdir
configure:9422: result: .libs
configure:9686: checking if gcc supports -fno-rtti -fno-exceptions
configure:9705: gcc -c -O2 -Winline -Wmissing-include-dirs -Wnested-externs -Wpointer-arith -Wredundant-decls -Wswitch-enum  -fno-rtti -fno-exceptions conftest.c >&5
configure:9709: $? = 0
configure:9722: result: yes
configure:10080: checking for gcc option to produce PIC
configure:10088: result: -fno-common -DPIC
configure:10096: checking if gcc PIC flag -fno-common -DPIC works
configure:10115: gcc -c -O2 -Winline -Wmissing-include-dirs -Wnested-externs -Wpointer-arith -Wredundant-decls -Wswitch-enum  -fno-common -DPIC -DPIC conftest.c >&5
configure:10119: $? = 0
configure:10132: result: yes
configure:10161: checking if gcc static flag -static works
configure:10190: result: no
configure:10205: checking if gcc supports -c -o file.o
configure:10227: gcc -c -O2 -Winline -Wmissing-include-dirs -Wnested-externs -Wpointer-arith -Wredundant-decls -Wswitch-enum  -o out/conftest2.o conftest.c >&5
configure:10231: $? = 0
configure:10253: result: yes
configure:10261: checking if gcc supports -c -o file.o
configure:10309: result: yes
configure:10342: checking whether the gcc linker (/Applications/Xcode.app/Contents/Developer/Toolchains/XcodeDefault.xctoolchain/usr/bin/ld) supports shared libraries
configure:11608: result: yes
configure:11849: checking dynamic linker characteristics
configure:12670: result: darwin20.6.0 dyld
configure:12792: checking how to hardcode library paths into programs
configure:12817: result: immediate
configure:13369: checking whether stripping libraries is possible
configure:13383: result: yes
configure:13409: checking if libtool supports shared libraries
configure:13411: result: yes
configure:13414: checking whether to build shared libraries
configure:13439: result: yes
configure:13442: checking whether to build static libraries
configure:13446: result: yes
configure:13469: checking how to run the C++ preprocessor
configure:13491: g++ -E  conftest.cpp
configure:13491: $? = 0
configure:13506: g++ -E  conftest.cpp
conftest.cpp:23:10: fatal error: 'ac_nonexistent.h' file not found
#include <ac_nonexistent.h>
         ^~~~~~~~~~~~~~~~~~
1 error generated.
configure:13506: $? = 1
configure: failed program was:
| /* confdefs.h */
| #define PACKAGE_NAME "libusb-1.0"
| #define PACKAGE_TARNAME "libusb-1.0"
| #define PACKAGE_VERSION "1.0.25"
| #define PACKAGE_STRING "libusb-1.0 1.0.25"
| #define PACKAGE_BUGREPORT "libusb-devel@lists.sourceforge.net"
| #define PACKAGE_URL "http://libusb.info"
| #define PACKAGE "libusb-1.0"
| #define VERSION "1.0.25"
| #define HAVE_STDIO_H 1
| #define HAVE_STDLIB_H 1
| #define HAVE_STRING_H 1
| #define HAVE_INTTYPES_H 1
| #define HAVE_STDINT_H 1
| #define HAVE_STRINGS_H 1
| #define HAVE_SYS_STAT_H 1
| #define HAVE_SYS_TYPES_H 1
| #define HAVE_UNISTD_H 1
| #define STDC_HEADERS 1
| #define HAVE_DLFCN_H 1
| #define LT_OBJDIR ".libs/"
| /* end confdefs.h.  */
| #include <ac_nonexistent.h>
configure:13533: result: g++ -E
configure:13547: g++ -E  conftest.cpp
configure:13547: $? = 0
configure:13562: g++ -E  conftest.cpp
conftest.cpp:23:10: fatal error: 'ac_nonexistent.h' file not found
#include <ac_nonexistent.h>
         ^~~~~~~~~~~~~~~~~~
1 error generated.
configure:13562: $? = 1
configure: failed program was:
| /* confdefs.h */
| #define PACKAGE_NAME "libusb-1.0"
| #define PACKAGE_TARNAME "libusb-1.0"
| #define PACKAGE_VERSION "1.0.25"
| #define PACKAGE_STRING "libusb-1.0 1.0.25"
| #define PACKAGE_BUGREPORT "libusb-devel@lists.sourceforge.net"
| #define PACKAGE_URL "http://libusb.info"
| #define PACKAGE "libusb-1.0"
| #define VERSION "1.0.25"
| #define HAVE_STDIO_H 1
| #define HAVE_STDLIB_H 1
| #define HAVE_STRING_H 1
| #define HAVE_INTTYPES_H 1
| #define HAVE_STDINT_H 1
| #define HAVE_STRINGS_H 1
| #define HAVE_SYS_STAT_H 1
| #define HAVE_SYS_TYPES_H 1
| #define HAVE_UNISTD_H 1
| #define STDC_HEADERS 1
| #define HAVE_DLFCN_H 1
| #define LT_OBJDIR ".libs/"
| /* end confdefs.h.  */
| #include <ac_nonexistent.h>
configure:13727: checking for ld used by g++
configure:13795: result: /Applications/Xcode.app/Contents/Developer/Toolchains/XcodeDefault.xctoolchain/usr/bin/ld
configure:13802: checking if the linker (/Applications/Xcode.app/Contents/Developer/Toolchains/XcodeDefault.xctoolchain/usr/bin/ld) is GNU ld
configure:13818: result: no
configure:13873: checking whether the g++ linker (/Applications/Xcode.app/Contents/Developer/Toolchains/XcodeDefault.xctoolchain/usr/bin/ld) supports shared libraries
configure:14950: result: yes
configure:14986: g++ -c -g -O2  conftest.cpp >&5
configure:14989: $? = 0
configure:15470: checking for g++ option to produce PIC
configure:15478: result: -fno-common -DPIC
configure:15486: checking if g++ PIC flag -fno-common -DPIC works
configure:15505: g++ -c -g -O2  -fno-common -DPIC -DPIC conftest.cpp >&5
configure:15509: $? = 0
configure:15522: result: yes
configure:15545: checking if g++ static flag -static works
configure:15574: result: no
configure:15586: checking if g++ supports -c -o file.o
configure:15608: g++ -c -g -O2  -o out/conftest2.o conftest.cpp >&5
configure:15612: $? = 0
configure:15634: result: yes
configure:15639: checking if g++ supports -c -o file.o
configure:15687: result: yes
configure:15717: checking whether the g++ linker (/Applications/Xcode.app/Contents/Developer/Toolchains/XcodeDefault.xctoolchain/usr/bin/ld) supports shared libraries
configure:15757: result: yes
configure:15899: checking dynamic linker characteristics
configure:16647: result: darwin20.6.0 dyld
configure:16712: checking how to hardcode library paths into programs
configure:16737: result: immediate
configure:16846: checking for windres
configure:16881: result: no
configure:16996: checking whether make supports nested variables
configure:17014: result: yes
configure:17031: checking if gcc supports -std=gnu11
configure:17044: gcc -c -std=gnu11  conftest.c >&5
configure:17044: $? = 0
configure:17046: result: yes
configure:17096: checking operating system
configure:17100: result: Darwin/Mac OS X
configure:17175: checking for nfds_t
configure:17175: gcc -c -O2 -Winline -Wmissing-include-dirs -Wnested-externs -Wpointer-arith -Wredundant-decls -Wswitch-enum  conftest.c >&5
configure:17175: $? = 0
configure:17175: gcc -c -O2 -Winline -Wmissing-include-dirs -Wnested-externs -Wpointer-arith -Wredundant-decls -Wswitch-enum  conftest.c >&5
conftest.c:32:21: error: expected expression
if (sizeof ((nfds_t)))
                    ^
1 error generated.
configure:17175: $? = 1
configure: failed program was:
| /* confdefs.h */
| #define PACKAGE_NAME "libusb-1.0"
| #define PACKAGE_TARNAME "libusb-1.0"
| #define PACKAGE_VERSION "1.0.25"
| #define PACKAGE_STRING "libusb-1.0 1.0.25"
| #define PACKAGE_BUGREPORT "libusb-devel@lists.sourceforge.net"
| #define PACKAGE_URL "http://libusb.info"
| #define PACKAGE "libusb-1.0"
| #define VERSION "1.0.25"
| #define HAVE_STDIO_H 1
| #define HAVE_STDLIB_H 1
| #define HAVE_STRING_H 1
| #define HAVE_INTTYPES_H 1
| #define HAVE_STDINT_H 1
| #define HAVE_STRINGS_H 1
| #define HAVE_SYS_STAT_H 1
| #define HAVE_SYS_TYPES_H 1
| #define HAVE_UNISTD_H 1
| #define STDC_HEADERS 1
| #define HAVE_DLFCN_H 1
| #define LT_OBJDIR ".libs/"
| #define _GNU_SOURCE 1
| #define DEFAULT_VISIBILITY __attribute__ ((visibility ("default")))
| #define PRINTF_FORMAT(a, b) __attribute__ ((__format__ (__printf__, a, b)))
| #define PLATFORM_POSIX 1
| /* end confdefs.h.  */
| #include <poll.h>
| 
| int
| main (void)
| {
| if (sizeof ((nfds_t)))
| 	    return 0;
|   ;
|   return 0;
| }
configure:17175: result: yes
configure:17185: checking for pipe2
configure:17185: gcc -o conftest -O2 -Winline -Wmissing-include-dirs -Wnested-externs -Wpointer-arith -Wredundant-decls -Wswitch-enum   conftest.c  >&5
Undefined symbols for architecture x86_64:
  "_pipe2", referenced from:
      _main in conftest-8cf1ca.o
ld: symbol(s) not found for architecture x86_64
clang: error: linker command failed with exit code 1 (use -v to see invocation)
configure:17185: $? = 1
configure: failed program was:
| /* confdefs.h */
| #define PACKAGE_NAME "libusb-1.0"
| #define PACKAGE_TARNAME "libusb-1.0"
| #define PACKAGE_VERSION "1.0.25"
| #define PACKAGE_STRING "libusb-1.0 1.0.25"
| #define PACKAGE_BUGREPORT "libusb-devel@lists.sourceforge.net"
| #define PACKAGE_URL "http://libusb.info"
| #define PACKAGE "libusb-1.0"
| #define VERSION "1.0.25"
| #define HAVE_STDIO_H 1
| #define HAVE_STDLIB_H 1
| #define HAVE_STRING_H 1
| #define HAVE_INTTYPES_H 1
| #define HAVE_STDINT_H 1
| #define HAVE_STRINGS_H 1
| #define HAVE_SYS_STAT_H 1
| #define HAVE_SYS_TYPES_H 1
| #define HAVE_UNISTD_H 1
| #define STDC_HEADERS 1
| #define HAVE_DLFCN_H 1
| #define LT_OBJDIR ".libs/"
| #define _GNU_SOURCE 1
| #define DEFAULT_VISIBILITY __attribute__ ((visibility ("default")))
| #define PRINTF_FORMAT(a, b) __attribute__ ((__format__ (__printf__, a, b)))
| #define PLATFORM_POSIX 1
| #define HAVE_NFDS_T 1
| /* end confdefs.h.  */
| /* Define pipe2 to an innocuous variant, in case <limits.h> declares pipe2.
|    For example, HP-UX 11i <limits.h> declares gettimeofday.  */
| #define pipe2 innocuous_pipe2
| 
| /* System header to define __stub macros and hopefully few prototypes,
|    which can conflict with char pipe2 (); below.  */
| 
| #include <limits.h>
| #undef pipe2
| 
| /* Override any GCC internal prototype to avoid an error.
|    Use char because int might match the return type of a GCC
|    builtin and then its argument prototype would still apply.  */
| #ifdef __cplusplus
| extern "C"
| #endif
| char pipe2 ();
| /* The GNU C library defines this for functions which it implements
|     to always fail with ENOSYS.  Some functions are actually named
|     something starting with __ and the normal name is an alias.  */
| #if defined __stub_pipe2 || defined __stub___pipe2
| choke me
| #endif
| 
| int
| main (void)
| {
| return pipe2 ();
|   ;
|   return 0;
| }
configure:17185: result: no
configure:17194: checking if gcc recognizes -pthread
configure:17207: gcc -c -Wall -Werror -pthread  conftest.c >&5
configure:17207: $? = 0
configure:17209: result: yes
configure:17219: checking for library containing pthread_create
configure:17249: gcc -o conftest -O2 -Winline -Wmissing-include-dirs -Wnested-externs -Wpointer-arith -Wredundant-decls -Wswitch-enum   conftest.c  >&5
configure:17249: $? = 0
configure:17269: result: none required
configure:17289: checking for pthread_threadid_np
configure:17289: gcc -o conftest -O2 -Winline -Wmissing-include-dirs -Wnested-externs -Wpointer-arith -Wredundant-decls -Wswitch-enum   conftest.c  >&5
configure:17289: $? = 0
configure:17289: result: yes
configure:17297: checking for IOKit/usb/IOUSBHostFamilyDefinitions.h
configure:17297: gcc -c -O2 -Winline -Wmissing-include-dirs -Wnested-externs -Wpointer-arith -Wredundant-decls -Wswitch-enum  conftest.c >&5
configure:17297: $? = 0
configure:17297: result: yes
configure:17486: checking for sys/time.h
configure:17486: gcc -c -O2 -Winline -Wmissing-include-dirs -Wnested-externs -Wpointer-arith -Wredundant-decls -Wswitch-enum  conftest.c >&5
configure:17486: $? = 0
configure:17486: result: yes
configure:17496: checking whether OS X target version is 10.12 or later
configure:17514: gcc -c -O2 -Winline -Wmissing-include-dirs -Wnested-externs -Wpointer-arith -Wredundant-decls -Wswitch-enum  conftest.c >&5
configure:17514: $? = 0
configure:17516: result: yes
configure:17529: checking for clock_gettime
configure:17529: gcc -o conftest -O2 -Winline -Wmissing-include-dirs -Wnested-externs -Wpointer-arith -Wredundant-decls -Wswitch-enum   conftest.c  -lobjc -Wl,-framework,IOKit -Wl,-framework,CoreFoundation -Wl,-framework,Security >&5
configure:17529: $? = 0
configure:17529: result: yes
configure:17560: checking for gcc options needed to detect all undeclared functions
configure:17582: gcc -c -O2 -Winline -Wmissing-include-dirs -Wnested-externs -Wpointer-arith -Wredundant-decls -Wswitch-enum   conftest.c >&5
conftest.c:36:8: error: implicitly declaring library function 'strchr' with type 'char *(const char *, int)' [-Werror,-Wimplicit-function-declaration]
(void) strchr;
       ^
conftest.c:36:8: note: include the header <string.h> or explicitly provide a declaration for 'strchr'
1 error generated.
configure:17582: $? = 1
configure: failed program was:
| /* confdefs.h */
| #define PACKAGE_NAME "libusb-1.0"
| #define PACKAGE_TARNAME "libusb-1.0"
| #define PACKAGE_VERSION "1.0.25"
| #define PACKAGE_STRING "libusb-1.0 1.0.25"
| #define PACKAGE_BUGREPORT "libusb-devel@lists.sourceforge.net"
| #define PACKAGE_URL "http://libusb.info"
| #define PACKAGE "libusb-1.0"
| #define VERSION "1.0.25"
| #define HAVE_STDIO_H 1
| #define HAVE_STDLIB_H 1
| #define HAVE_STRING_H 1
| #define HAVE_INTTYPES_H 1
| #define HAVE_STDINT_H 1
| #define HAVE_STRINGS_H 1
| #define HAVE_SYS_STAT_H 1
| #define HAVE_SYS_TYPES_H 1
| #define HAVE_UNISTD_H 1
| #define STDC_HEADERS 1
| #define HAVE_DLFCN_H 1
| #define LT_OBJDIR ".libs/"
| #define _GNU_SOURCE 1
| #define DEFAULT_VISIBILITY __attribute__ ((visibility ("default")))
| #define PRINTF_FORMAT(a, b) __attribute__ ((__format__ (__printf__, a, b)))
| #define PLATFORM_POSIX 1
| #define HAVE_NFDS_T 1
| #define HAVE_PTHREAD_THREADID_NP 1
| #define HAVE_IOKIT_USB_IOUSBHOSTFAMILYDEFINITIONS_H 1
| #define HAVE_SYS_TIME_H 1
| #define HAVE_CLOCK_GETTIME 1
| /* end confdefs.h.  */
| 
| int
| main (void)
| {
| (void) strchr;
|   ;
|   return 0;
| }
configure:17609: gcc -c -O2 -Winline -Wmissing-include-dirs -Wnested-externs -Wpointer-arith -Wredundant-decls -Wswitch-enum   conftest.c >&5
configure:17609: $? = 0
configure:17626: result: none needed
configure:17640: checking whether CLOCK_MONOTONIC is declared
configure:17640: gcc -c -O2 -Winline -Wmissing-include-dirs -Wnested-externs -Wpointer-arith -Wredundant-decls -Wswitch-enum   conftest.c >&5
configure:17640: $? = 0
configure:17640: result: yes
configure:17651: checking for pthread_condattr_setclock
configure:17651: gcc -o conftest -O2 -Winline -Wmissing-include-dirs -Wnested-externs -Wpointer-arith -Wredundant-decls -Wswitch-enum   conftest.c  -lobjc -Wl,-framework,IOKit -Wl,-framework,CoreFoundation -Wl,-framework,Security >&5
Undefined symbols for architecture x86_64:
  "_pthread_condattr_setclock", referenced from:
      _main in conftest-39387e.o
ld: symbol(s) not found for architecture x86_64
clang: error: linker command failed with exit code 1 (use -v to see invocation)
configure:17651: $? = 1
configure: failed program was:
| /* confdefs.h */
| #define PACKAGE_NAME "libusb-1.0"
| #define PACKAGE_TARNAME "libusb-1.0"
| #define PACKAGE_VERSION "1.0.25"
| #define PACKAGE_STRING "libusb-1.0 1.0.25"
| #define PACKAGE_BUGREPORT "libusb-devel@lists.sourceforge.net"
| #define PACKAGE_URL "http://libusb.info"
| #define PACKAGE "libusb-1.0"
| #define VERSION "1.0.25"
| #define HAVE_STDIO_H 1
| #define HAVE_STDLIB_H 1
| #define HAVE_STRING_H 1
| #define HAVE_INTTYPES_H 1
| #define HAVE_STDINT_H 1
| #define HAVE_STRINGS_H 1
| #define HAVE_SYS_STAT_H 1
| #define HAVE_SYS_TYPES_H 1
| #define HAVE_UNISTD_H 1
| #define STDC_HEADERS 1
| #define HAVE_DLFCN_H 1
| #define LT_OBJDIR ".libs/"
| #define _GNU_SOURCE 1
| #define DEFAULT_VISIBILITY __attribute__ ((visibility ("default")))
| #define PRINTF_FORMAT(a, b) __attribute__ ((__format__ (__printf__, a, b)))
| #define PLATFORM_POSIX 1
| #define HAVE_NFDS_T 1
| #define HAVE_PTHREAD_THREADID_NP 1
| #define HAVE_IOKIT_USB_IOUSBHOSTFAMILYDEFINITIONS_H 1
| #define HAVE_SYS_TIME_H 1
| #define HAVE_CLOCK_GETTIME 1
| /* end confdefs.h.  */
| /* Define pthread_condattr_setclock to an innocuous variant, in case <limits.h> declares pthread_condattr_setclock.
|    For example, HP-UX 11i <limits.h> declares gettimeofday.  */
| #define pthread_condattr_setclock innocuous_pthread_condattr_setclock
| 
| /* System header to define __stub macros and hopefully few prototypes,
|    which can conflict with char pthread_condattr_setclock (); below.  */
| 
| #include <limits.h>
| #undef pthread_condattr_setclock
| 
| /* Override any GCC internal prototype to avoid an error.
|    Use char because int might match the return type of a GCC
|    builtin and then its argument prototype would still apply.  */
| #ifdef __cplusplus
| extern "C"
| #endif
| char pthread_condattr_setclock ();
| /* The GNU C library defines this for functions which it implements
|     to always fail with ENOSYS.  Some functions are actually named
|     something starting with __ and the normal name is an alias.  */
| #if defined __stub_pthread_condattr_setclock || defined __stub___pthread_condattr_setclock
| choke me
| #endif
| 
| int
| main (void)
| {
| return pthread_condattr_setclock ();
|   ;
|   return 0;
| }
configure:17651: result: no
configure:17662: checking whether CLOCK_REALTIME is declared
configure:17662: gcc -c -O2 -Winline -Wmissing-include-dirs -Wnested-externs -Wpointer-arith -Wredundant-decls -Wswitch-enum   conftest.c >&5
configure:17662: $? = 0
configure:17662: result: yes
configure:18205: checking that generated files are newer than configure
configure:18211: result: done
configure:18294: creating ./config.status

## ---------------------- ##
## Running config.status. ##
## ---------------------- ##

This file was extended by libusb-1.0 config.status 1.0.25, which was
generated by GNU Autoconf 2.71.  Invocation command line was

  CONFIG_FILES    = 
  CONFIG_HEADERS  = 
  CONFIG_LINKS    = 
  CONFIG_COMMANDS = 
  $ ./config.status 

on seroquel.lan

config.status:1245: creating libusb-1.0.pc
config.status:1245: creating Makefile
config.status:1245: creating libusb/Makefile
config.status:1245: creating examples/Makefile
config.status:1245: creating tests/Makefile
config.status:1245: creating doc/Makefile
config.status:1245: creating doc/doxygen.cfg
config.status:1245: creating config.h
config.status:1426: config.h is unchanged
config.status:1474: executing depfiles commands
config.status:1551: cd libusb       && sed -e '/# am--include-marker/d' Makefile         | make -f - am--depfiles
make: Nothing to be done for `am--depfiles'.
config.status:1556: $? = 0
config.status:1551: cd examples       && sed -e '/# am--include-marker/d' Makefile         | make -f - am--depfiles
make: Nothing to be done for `am--depfiles'.
config.status:1556: $? = 0
config.status:1551: cd tests       && sed -e '/# am--include-marker/d' Makefile         | make -f - am--depfiles
make: Nothing to be done for `am--depfiles'.
config.status:1556: $? = 0
config.status:1474: executing libtool commands

## ---------------- ##
## Cache variables. ##
## ---------------- ##

ac_cv_build=x86_64-apple-darwin20.6.0
ac_cv_c_compiler_gnu=yes
ac_cv_c_inline=inline
ac_cv_c_undeclared_builtin_options='none needed'
ac_cv_cxx_compiler_gnu=yes
ac_cv_env_CCC_set=
ac_cv_env_CCC_value=
ac_cv_env_CC_set=
ac_cv_env_CC_value=
ac_cv_env_CFLAGS_set=set
ac_cv_env_CFLAGS_value='-O2 -Winline -Wmissing-include-dirs -Wnested-externs -Wpointer-arith -Wredundant-decls -Wswitch-enum'
ac_cv_env_CPPFLAGS_set=
ac_cv_env_CPPFLAGS_value=
ac_cv_env_CXXCPP_set=
ac_cv_env_CXXCPP_value=
ac_cv_env_CXXFLAGS_set=
ac_cv_env_CXXFLAGS_value=
ac_cv_env_CXX_set=
ac_cv_env_CXX_value=
ac_cv_env_LDFLAGS_set=
ac_cv_env_LDFLAGS_value=
ac_cv_env_LIBS_set=
ac_cv_env_LIBS_value=
ac_cv_env_LT_SYS_LIBRARY_PATH_set=
ac_cv_env_LT_SYS_LIBRARY_PATH_value=
ac_cv_env_build_alias_set=
ac_cv_env_build_alias_value=
ac_cv_env_host_alias_set=
ac_cv_env_host_alias_value=
ac_cv_env_target_alias_set=
ac_cv_env_target_alias_value=
ac_cv_func_clock_gettime=yes
ac_cv_func_pipe2=no
ac_cv_func_pthread_condattr_setclock=no
ac_cv_func_pthread_threadid_np=yes
ac_cv_have_decl_CLOCK_MONOTONIC=yes
ac_cv_have_decl_CLOCK_REALTIME=yes
ac_cv_header_IOKit_usb_IOUSBHostFamilyDefinitions_h=yes
ac_cv_header_dlfcn_h=yes
ac_cv_header_inttypes_h=yes
ac_cv_header_stdint_h=yes
ac_cv_header_stdio_h=yes
ac_cv_header_stdlib_h=yes
ac_cv_header_string_h=yes
ac_cv_header_strings_h=yes
ac_cv_header_sys_stat_h=yes
ac_cv_header_sys_time_h=yes
ac_cv_header_sys_types_h=yes
ac_cv_header_unistd_h=yes
ac_cv_host=x86_64-apple-darwin20.6.0
ac_cv_objext=o
ac_cv_path_EGREP='/usr/bin/grep -E'
ac_cv_path_FGREP='/usr/bin/grep -F'
ac_cv_path_GREP=/usr/bin/grep
ac_cv_path_SED=/usr/local/bin/gsed
ac_cv_path_install='/usr/local/bin/ginstall -c'
ac_cv_path_lt_DD=/bin/dd
ac_cv_path_mkdir=/usr/local/bin/gmkdir
ac_cv_prog_AWK=awk
ac_cv_prog_CXXCPP='g++ -E'
ac_cv_prog_ac_ct_AR=ar
ac_cv_prog_ac_ct_CC=gcc
ac_cv_prog_ac_ct_CXX=g++
ac_cv_prog_ac_ct_DSYMUTIL=dsymutil
ac_cv_prog_ac_ct_LIPO=lipo
ac_cv_prog_ac_ct_NMEDIT=nmedit
ac_cv_prog_ac_ct_OBJDUMP=objdump
ac_cv_prog_ac_ct_OTOOL=otool
ac_cv_prog_ac_ct_RANLIB=ranlib
ac_cv_prog_ac_ct_STRIP=strip
ac_cv_prog_cc_c11=
ac_cv_prog_cc_g=yes
ac_cv_prog_cc_stdc=
ac_cv_prog_cxx_11=no
ac_cv_prog_cxx_g=yes
ac_cv_prog_cxx_stdcxx=
ac_cv_prog_make_make_set=yes
ac_cv_search_pthread_create='none required'
ac_cv_type_nfds_t=yes
am_cv_CC_dependencies_compiler_type=gcc3
am_cv_CXX_dependencies_compiler_type=gcc3
am_cv_make_support_nested_variables=yes
am_cv_prog_cc_c_o=yes
lt_cv_apple_cc_single_mod=yes
lt_cv_ar_at_file=no
lt_cv_deplibs_check_method=pass_all
lt_cv_file_magic_cmd='$MAGIC_CMD'
lt_cv_file_magic_test_file=
lt_cv_ld_exported_symbols_list=yes
lt_cv_ld_force_load=yes
lt_cv_ld_reload_flag=-r
lt_cv_nm_interface='BSD nm'
lt_cv_objdir=.libs
lt_cv_path_LD=/Applications/Xcode.app/Contents/Developer/Toolchains/XcodeDefault.xctoolchain/usr/bin/ld
lt_cv_path_LDCXX=/Applications/Xcode.app/Contents/Developer/Toolchains/XcodeDefault.xctoolchain/usr/bin/ld
lt_cv_path_NM='/usr/bin/nm -B'
lt_cv_path_mainfest_tool=no
lt_cv_prog_compiler_c_o=yes
lt_cv_prog_compiler_c_o_CXX=yes
lt_cv_prog_compiler_c_o_RC=yes
lt_cv_prog_compiler_pic='-fno-common -DPIC'
lt_cv_prog_compiler_pic_CXX='-fno-common -DPIC'
lt_cv_prog_compiler_pic_works=yes
lt_cv_prog_compiler_pic_works_CXX=yes
lt_cv_prog_compiler_rtti_exceptions=yes
lt_cv_prog_compiler_static_works=no
lt_cv_prog_compiler_static_works_CXX=no
lt_cv_prog_gnu_ld=no
lt_cv_prog_gnu_ldcxx=no
lt_cv_sharedlib_from_linklib_cmd='printf %s\n'
lt_cv_sys_global_symbol_pipe='sed -n -e '\''s/^.*[	 ]\([BCDEGRST][BCDEGRST]*\)[	 ][	 ]*_\([_A-Za-z][_A-Za-z0-9]*\)$/\1 _\2 \2/p'\'' | sed '\''/ __gnu_lto/d'\'''
lt_cv_sys_global_symbol_to_c_name_address='sed -n -e '\''s/^: \(.*\) .*$/  {"\1", (void *) 0},/p'\'' -e '\''s/^[BCDEGRST][BCDEGRST]* .* \(.*\)$/  {"\1", (void *) \&\1},/p'\'''
lt_cv_sys_global_symbol_to_c_name_address_lib_prefix='sed -n -e '\''s/^: \(.*\) .*$/  {"\1", (void *) 0},/p'\'' -e '\''s/^[BCDEGRST][BCDEGRST]* .* \(lib.*\)$/  {"\1", (void *) \&\1},/p'\'' -e '\''s/^[BCDEGRST][BCDEGRST]* .* \(.*\)$/  {"lib\1", (void *) \&\1},/p'\'''
lt_cv_sys_global_symbol_to_cdecl='sed -n -e '\''s/^T .* \(.*\)$/extern int \1();/p'\'' -e '\''s/^[BCDEGRST][BCDEGRST]* .* \(.*\)$/extern char \1;/p'\'''
lt_cv_sys_global_symbol_to_import=
lt_cv_sys_max_cmd_len=786432
lt_cv_to_host_file_cmd=func_convert_file_noop
lt_cv_to_tool_file_cmd=func_convert_file_noop
lt_cv_truncate_bin='/bin/dd bs=4096 count=1'

## ----------------- ##
## Output variables. ##
## ----------------- ##

ACLOCAL='${SHELL} '\''/Volumes/projects/libusb-package/src/libusb/missing'\'' aclocal-1.16'
AMDEPBACKSLASH='\'
AMDEP_FALSE='#'
AMDEP_TRUE=''
AMTAR='$${TAR-tar}'
AM_BACKSLASH='\'
AM_CFLAGS='-std=gnu11  -Wall -Wextra -Wshadow -Wunused -Wwrite-strings -Werror=format-security -Werror=implicit-function-declaration -Werror=implicit-int -Werror=init-self -Werror=missing-prototypes -Werror=strict-prototypes -Werror=undef -Werror=uninitialized'
AM_CPPFLAGS=''
AM_CXXFLAGS='-std=gnu++11  -Wall -Wextra -Wshadow -Wunused -Wwrite-strings -Werror=format-security -Werror=implicit-function-declaration -Werror=implicit-int -Werror=init-self -Werror=missing-prototypes -Werror=strict-prototypes -Werror=undef -Werror=uninitialized -Wmissing-declarations'
AM_DEFAULT_V='$(AM_DEFAULT_VERBOSITY)'
AM_DEFAULT_VERBOSITY='0'
AM_V='$(V)'
AR='ar'
AUTOCONF='${SHELL} '\''/Volumes/projects/libusb-package/src/libusb/missing'\'' autoconf'
AUTOHEADER='${SHELL} '\''/Volumes/projects/libusb-package/src/libusb/missing'\'' autoheader'
AUTOMAKE='${SHELL} '\''/Volumes/projects/libusb-package/src/libusb/missing'\'' automake-1.16'
AWK='awk'
BUILD_EXAMPLES_FALSE=''
BUILD_EXAMPLES_TRUE='#'
BUILD_TESTS_FALSE=''
BUILD_TESTS_TRUE='#'
CC='gcc'
CCDEPMODE='depmode=gcc3'
CFLAGS='-O2 -Winline -Wmissing-include-dirs -Wnested-externs -Wpointer-arith -Wredundant-decls -Wswitch-enum'
CPPFLAGS=''
CREATE_IMPORT_LIB_FALSE=''
CREATE_IMPORT_LIB_TRUE='#'
CSCOPE='cscope'
CTAGS='ctags'
CXX='g++'
CXXCPP='g++ -E'
CXXDEPMODE='depmode=gcc3'
CXXFLAGS='-g -O2'
CYGPATH_W='echo'
DEFS='-DHAVE_CONFIG_H'
DEPDIR='.deps'
DLLTOOL='false'
DOXYGEN_HTMLDIR='api-1.0'
DSYMUTIL='dsymutil'
DUMPBIN=''
ECHO_C=''
ECHO_N='-n'
ECHO_T=''
EGREP='/usr/bin/grep -E'
ETAGS='etags'
EXEEXT=''
FGREP='/usr/bin/grep -F'
GREP='/usr/bin/grep'
INSTALL_DATA='${INSTALL} -m 644'
INSTALL_PROGRAM='${INSTALL}'
INSTALL_SCRIPT='${INSTALL}'
INSTALL_STRIP_PROGRAM='$(install_sh) -c -s'
LD='/Applications/Xcode.app/Contents/Developer/Toolchains/XcodeDefault.xctoolchain/usr/bin/ld'
LDFLAGS=''
LIBOBJS=''
LIBS=' -lobjc -Wl,-framework,IOKit -Wl,-framework,CoreFoundation -Wl,-framework,Security'
LIBTOOL='$(SHELL) $(top_builddir)/libtool'
LIPO='lipo'
LN_S='ln -s'
LTLIBOBJS=''
LT_LDFLAGS='-version-info 3:0:3 -no-undefined'
LT_SYS_LIBRARY_PATH=''
MAKEINFO='${SHELL} '\''/Volumes/projects/libusb-package/src/libusb/missing'\'' makeinfo'
MANIFEST_TOOL=':'
MKDIR_P='/usr/local/bin/gmkdir -p'
NM='/usr/bin/nm -B'
NMEDIT='nmedit'
OBJDUMP='objdump'
OBJEXT='o'
OS_DARWIN_FALSE='#'
OS_DARWIN_TRUE=''
OS_HAIKU_FALSE=''
OS_HAIKU_TRUE='#'
OS_LINUX_FALSE=''
OS_LINUX_TRUE='#'
OS_NETBSD_FALSE=''
OS_NETBSD_TRUE='#'
OS_NULL_FALSE=''
OS_NULL_TRUE='#'
OS_OPENBSD_FALSE=''
OS_OPENBSD_TRUE='#'
OS_SUNOS_FALSE=''
OS_SUNOS_TRUE='#'
OS_WINDOWS_FALSE=''
OS_WINDOWS_TRUE='#'
OTOOL64=':'
OTOOL='otool'
PACKAGE='libusb-1.0'
PACKAGE_BUGREPORT='libusb-devel@lists.sourceforge.net'
PACKAGE_NAME='libusb-1.0'
PACKAGE_STRING='libusb-1.0 1.0.25'
PACKAGE_TARNAME='libusb-1.0'
PACKAGE_URL='http://libusb.info'
PACKAGE_VERSION='1.0.25'
PATH_SEPARATOR=':'
PLATFORM_POSIX_FALSE='#'
PLATFORM_POSIX_TRUE=''
PLATFORM_WINDOWS_FALSE=''
PLATFORM_WINDOWS_TRUE='#'
RANLIB='ranlib'
RC=''
SED='/usr/local/bin/gsed'
SET_MAKE=''
SHELL='/bin/sh'
STRIP='strip'
THREAD_CFLAGS='-pthread'
THREAD_LIBS=''
USE_UDEV_FALSE=''
USE_UDEV_TRUE='#'
VERSION='1.0.25'
ac_ct_AR='ar'
ac_ct_CC='gcc'
ac_ct_CXX='g++'
ac_ct_DUMPBIN=''
am__EXEEXT_FALSE=''
am__EXEEXT_TRUE='#'
am__fastdepCC_FALSE='#'
am__fastdepCC_TRUE=''
am__fastdepCXX_FALSE='#'
am__fastdepCXX_TRUE=''
am__include='include'
am__isrc=''
am__leading_dot='.'
am__nodep='_no'
am__quote=''
am__tar='$${TAR-tar} chof - "$$tardir"'
am__untar='$${TAR-tar} xf -'
bindir='${exec_prefix}/bin'
build='x86_64-apple-darwin20.6.0'
build_alias=''
build_cpu='x86_64'
build_os='darwin20.6.0'
build_vendor='apple'
datadir='${datarootdir}'
datarootdir='${prefix}/share'
docdir='${datarootdir}/doc/${PACKAGE_TARNAME}'
dvidir='${docdir}'
exec_prefix='${prefix}'
host='x86_64-apple-darwin20.6.0'
host_alias=''
host_cpu='x86_64'
host_os='darwin20.6.0'
host_vendor='apple'
htmldir='${docdir}'
includedir='${prefix}/include'
infodir='${datarootdir}/info'
install_sh='${SHELL} /Volumes/projects/libusb-package/src/libusb/install-sh'
libdir='${exec_prefix}/lib'
libexecdir='${exec_prefix}/libexec'
localedir='${datarootdir}/locale'
localstatedir='${prefix}/var'
mandir='${datarootdir}/man'
mkdir_p='$(MKDIR_P)'
oldincludedir='/usr/include'
pdfdir='${docdir}'
prefix='/usr/local'
program_transform_name='s,x,x,'
psdir='${docdir}'
runstatedir='${localstatedir}/run'
sbindir='${exec_prefix}/sbin'
sharedstatedir='${prefix}/com'
sysconfdir='${prefix}/etc'
target_alias=''

## ----------- ##
## confdefs.h. ##
## ----------- ##

/* confdefs.h */
#define PACKAGE_NAME "libusb-1.0"
#define PACKAGE_TARNAME "libusb-1.0"
#define PACKAGE_VERSION "1.0.25"
#define PACKAGE_STRING "libusb-1.0 1.0.25"
#define PACKAGE_BUGREPORT "libusb-devel@lists.sourceforge.net"
#define PACKAGE_URL "http://libusb.info"
#define PACKAGE "libusb-1.0"
#define VERSION "1.0.25"
#define HAVE_STDIO_H 1
#define HAVE_STDLIB_H 1
#define HAVE_STRING_H 1
#define HAVE_INTTYPES_H 1
#define HAVE_STDINT_H 1
#define HAVE_STRINGS_H 1
#define HAVE_SYS_STAT_H 1
#define HAVE_SYS_TYPES_H 1
#define HAVE_UNISTD_H 1
#define STDC_HEADERS 1
#define HAVE_DLFCN_H 1
#define LT_OBJDIR ".libs/"
#define _GNU_SOURCE 1
#define DEFAULT_VISIBILITY __attribute__ ((visibility ("default")))
#define PRINTF_FORMAT(a, b) __attribute__ ((__format__ (__printf__, a, b)))
#define PLATFORM_POSIX 1
#define HAVE_NFDS_T 1
#define HAVE_PTHREAD_THREADID_NP 1
#define HAVE_IOKIT_USB_IOUSBHOSTFAMILYDEFINITIONS_H 1
#define HAVE_SYS_TIME_H 1
#define HAVE_CLOCK_GETTIME 1
#define ENABLE_LOGGING 1

configure: exit 0
